BUILD: Computing Include file dependencies:
BUILD: null byte at offset 0x00000001
BUILD: 1283 null bytes in file
BUILD: Examining e:\duba directory for files to compile.
oacr invalidate root:x86chk /autocleanqueue
1>Compiling and Linking e:\duba *************
1>'nmake.exe /nologo BUILDMSG=Stop. -i BUILD_PASS=PASS2 LINKONLY=1 NOPASS0=1 MAKEDIR_RELATIVE_TO_BASEDIR='
1>e:\duba: TARGETPATH is obj
1>BUILDMSG: _NT_TARGET_VERSION SET TO WINXP
1> D:\Study\WinDDK\Bin\x86\oacr\oacrcl @e:\duba\objchk_wxp_x86\i386\cl.rsp
1>Microsoft (R) 32-bit C/C++ Optimizing Compiler Version 15.00.30729.207 for 80x86
1>Copyright (C) Microsoft Corporation.  All rights reserved.
1>cl /Fo"e:\duba\objchk_wxp_x86\i386/"
1> /FC
1> /Ii386
1> /I.
1> /I.
1> /Ie:\duba\objchk_wxp_x86\i386
1> /ID:\Study\WinDDK\inc\api
1> /ID:\Study\WinDDK\inc\api
1> /ID:\Study\WinDDK\inc\ddk
1> /ID:\Study\WinDDK\inc\ddk
1> /ID:\Study\WinDDK\inc\crt
1> /D_X86_=1
1> /Di386=1
1> /DSTD_CALL
1> /DCONDITION_HANDLING=1
1> /DNT_UP=1
1> /DNT_INST=0
1> /DWIN32=100
1> /D_NT1X_=100
1> /DWINNT=1
1> /D_WIN32_WINNT=0x0501
1> /DWINVER=0x0501
1> /D_WIN32_IE=0x0603
1> /DWIN32_LEAN_AND_MEAN=1
1> /DDEVL=1
1> /DDBG=1
1> /D__BUILDMACHINE__=WinDDK
1> /DFPO=0
1> /D_DLL=1
1> /DNDEBUG
1> /DDEPRECATE_DDK_FUNCTIONS=1
1> /DMSC_NOOPT
1> /DNTDDI_VERSION=0x05010200
1> /c
1> /Zc:wchar_t-
1> /Zl
1> /Zp8
1> /Gy
1> /Gm-
1> -cbstring
1> /W3
1> /Gz
1> /hotpatch
1> /EHs-c-
1> /GR-
1> /GF
1> /GS
1> /Zi
1> /Od
1> /Oi
1> /Oy-
1> /Zi
1> /Fde:\duba\objchk_wxp_x86\i386\
1> /DKMDF_MAJOR_VERSION_STRING=01
1> /DKMDF_MINOR_VERSION_STRING=009
1> /wd4603
1> /wd4627
1> /typedil-
1> /FID:\Study\WinDDK\inc\api\warning.h
1> .\hookkifastcall.c 
1>hookkifastcall.c
1>e:\duba\hookkifastcall.h(2) : warning C4067: unexpected tokens following preprocessor directive - expected a newline
1>warnings in directory e:\duba
1>e:\duba\hookkifastcall.h(2) : warning C4067: unexpected tokens following preprocessor directive - expected a newline
1>e:\duba\hookkifastcall.h(3) : warning C4067: unexpected tokens following preprocessor directive - expected a newline
1>e:\duba\hookkifastcall.h(3) : warning C4067: unexpected tokens following preprocessor directive - expected a newline
1>e:\duba\hookkifastcall.h(4) : warning C4067: unexpected tokens following preprocessor directive - expected a newline
1>e:\duba\hookkifastcall.h(4) : warning C4067: unexpected tokens following preprocessor directive - expected a newline
1>e:\duba\hookkifastcall.c(368) : warning C4018: '<' : signed/unsigned mismatch
1>e:\duba\hookkifastcall.c(368) : warning C4018: '<' : signed/unsigned mismatch
1>e:\duba\hookkifastcall.c(411) : warning C4018: '<' : signed/unsigned mismatch
1>e:\duba\hookkifastcall.c(411) : warning C4018: '<' : signed/unsigned mismatch
1>e:\duba\hookkifastcall.c(467) : warning C4022: '_ReleaseMemoryWithLength' : pointer mismatch for actual parameter 1
1>e:\duba\hookkifastcall.c(467) : warning C4022: '_ReleaseMemoryWithLength' : pointer mismatch for actual parameter 1
1>e:\duba\hookkifastcall.c(470) : warning C4047: 'function' : 'PERESOURCE' differs in levels of indirection from 'int'
1>e:\duba\hookkifastcall.c(470) : warning C4047: 'function' : 'PERESOURCE' differs in levels of indirection from 'int'
1>e:\duba\hookkifastcall.c(470) : warning C4024: 'ExInitializeResourceLite' : different types for formal and actual parameter 1
1>e:\duba\hookkifastcall.c(470) : warning C4024: 'ExInitializeResourceLite' : different types for formal and actual parameter 1
1>e:\duba\hookkifastcall.c(506) : warning C4047: '=' : 'char' differs in levels of indirection from 'char *'
1>e:\duba\hookkifastcall.c(506) : warning C4047: '=' : 'char' differs in levels of indirection from 'char *'
1>e:\duba\hookkifastcall.c(507) : warning C4047: '=' : 'char *' differs in levels of indirection from 'PKSEMAPHORE *'
1>e:\duba\hookkifastcall.c(507) : warning C4047: '=' : 'char *' differs in levels of indirection from 'PKSEMAPHORE *'
1>e:\duba\hookkifastcall.c(508) : warning C4047: '=' : 'char' differs in levels of indirection from 'char *'
1>e:\duba\hookkifastcall.c(508) : warning C4047: '=' : 'char' differs in levels of indirection from 'char *'
1>e:\duba\hookkifastcall.c(509) : warning C4047: '=' : 'char' differs in levels of indirection from 'char *'
1>e:\duba\hookkifastcall.c(509) : warning C4047: '=' : 'char' differs in levels of indirection from 'char *'
1>e:\duba\hookkifastcall.c(510) : warning C4133: '=' : incompatible types - from 'OWNER_ENTRY *' to 'char *'
1>e:\duba\hookkifastcall.c(510) : warning C4133: '=' : incompatible types - from 'OWNER_ENTRY *' to 'char *'
1>e:\duba\hookkifastcall.c(511) : warning C4047: '=' : 'char' differs in levels of indirection from 'char *'
1>e:\duba\hookkifastcall.c(511) : warning C4047: '=' : 'char' differs in levels of indirection from 'char *'
1>e:\duba\hookkifastcall.c(512) : warning C4047: '=' : 'char' differs in levels of indirection from 'char *'
1>e:\duba\hookkifastcall.c(512) : warning C4047: '=' : 'char' differs in levels of indirection from 'char *'
1>e:\duba\hookkifastcall.c(513) : warning C4133: '=' : incompatible types - from 'ULONG *' to 'char *'
1>e:\duba\hookkifastcall.c(513) : warning C4133: '=' : incompatible types - from 'ULONG *' to 'char *'
1>e:\duba\hookkifastcall.c(514) : warning C4047: '=' : 'char' differs in levels of indirection from 'char *'
1>e:\duba\hookkifastcall.c(514) : warning C4047: '=' : 'char' differs in levels of indirection from 'char *'
1>e:\duba\hookkifastcall.c(515) : warning C4047: '=' : 'char' differs in levels of indirection from 'char *'
1>e:\duba\hookkifastcall.c(515) : warning C4047: '=' : 'char' differs in levels of indirection from 'char *'
1>e:\duba\hookkifastcall.c(516) : warning C4133: '=' : incompatible types - from 'ULONG *' to 'char *'
1>e:\duba\hookkifastcall.c(516) : warning C4133: '=' : incompatible types - from 'ULONG *' to 'char *'
1>e:\duba\hookkifastcall.c(517) : warning C4047: '=' : 'char' differs in levels of indirection from 'char *'
1>e:\duba\hookkifastcall.c(517) : warning C4047: '=' : 'char' differs in levels of indirection from 'char *'
1>e:\duba\hookkifastcall.c(518) : warning C4047: '=' : 'char' differs in levels of indirection from 'char *'
1>e:\duba\hookkifastcall.c(518) : warning C4047: '=' : 'char' differs in levels of indirection from 'char *'
1>e:\duba\hookkifastcall.c(519) : warning C4047: '=' : 'char *' differs in levels of indirection from 'PVOID *'
1>e:\duba\hookkifastcall.c(519) : warning C4047: '=' : 'char *' differs in levels of indirection from 'PVOID *'
1>e:\duba\hookkifastcall.c(520) : warning C4047: '=' : 'char' differs in levels of indirection from 'char *'
1>e:\duba\hookkifastcall.c(520) : warning C4047: '=' : 'char' differs in levels of indirection from 'char *'
1>e:\duba\hookkifastcall.c(521) : warning C4047: '=' : 'char' differs in levels of indirection from 'char *'
1>e:\duba\hookkifastcall.c(521) : warning C4047: '=' : 'char' differs in levels of indirection from 'char *'
1>e:\duba\hookkifastcall.c(523) : warning C4133: '=' : incompatible types - from 'PERESOURCE' to '_LIST_ENTRY *'
1>e:\duba\hookkifastcall.c(523) : warning C4133: '=' : incompatible types - from 'PERESOURCE' to '_LIST_ENTRY *'
1>e:\duba\hookkifastcall.c(524) : warning C4133: '=' : incompatible types - from 'PERESOURCE' to '_LIST_ENTRY *'
1>e:\duba\hookkifastcall.c(524) : warning C4133: '=' : incompatible types - from 'PERESOURCE' to '_LIST_ENTRY *'
1>e:\duba\hookkifastcall.c(525) : warning C4047: '=' : 'char *' differs in levels of indirection from 'POWNER_ENTRY *'
1>e:\duba\hookkifastcall.c(525) : warning C4047: '=' : 'char *' differs in levels of indirection from 'POWNER_ENTRY *'
1>e:\duba\hookkifastcall.c(526) : warning C4047: '=' : 'char' differs in levels of indirection from 'char *'
1>e:\duba\hookkifastcall.c(526) : warning C4047: '=' : 'char' differs in levels of indirection from 'char *'
1>e:\duba\hookkifastcall.c(527) : warning C4047: '=' : 'char' differs in levels of indirection from 'char *'
1>e:\duba\hookkifastcall.c(527) : warning C4047: '=' : 'char' differs in levels of indirection from 'char *'
1>e:\duba\hookkifastcall.c(539) : warning C4047: 'function' : 'int **' differs in levels of indirection from '_ERESOURCE *'
1>e:\duba\hookkifastcall.c(539) : warning C4047: 'function' : 'int **' differs in levels of indirection from '_ERESOURCE *'
1>e:\duba\hookkifastcall.c(539) : warning C4024: 'sub_37B60' : different types for formal and actual parameter 1
1>e:\duba\hookkifastcall.c(539) : warning C4024: 'sub_37B60' : different types for formal and actual parameter 1
1>e:\duba\hookkifastcall.c(540) : warning C4133: 'function' : incompatible types - from 'POWNER_ENTRY *' to 'int **'
1>e:\duba\hookkifastcall.c(540) : warning C4133: 'function' : incompatible types - from 'POWNER_ENTRY *' to 'int **'
1>e:\duba\hookkifastcall.c(541) : warning C4133: 'function' : incompatible types - from 'PKSEMAPHORE *' to 'int **'
1>e:\duba\hookkifastcall.c(541) : warning C4133: 'function' : incompatible types - from 'PKSEMAPHORE *' to 'int **'
1>e:\duba\hookkifastcall.c(542) : warning C4047: 'function' : 'int **' differs in levels of indirection from 'OWNER_ENTRY *'
1>e:\duba\hookkifastcall.c(542) : warning C4047: 'function' : 'int **' differs in levels of indirection from 'OWNER_ENTRY *'
1>e:\duba\hookkifastcall.c(542) : warning C4024: 'sub_37B60' : different types for formal and actual parameter 1
1>e:\duba\hookkifastcall.c(542) : warning C4024: 'sub_37B60' : different types for formal and actual parameter 1
1>e:\duba\hookkifastcall.c(543) : warning C4047: 'function' : 'int **' differs in levels of indirection from 'ULONG *'
1>e:\duba\hookkifastcall.c(543) : warning C4047: 'function' : 'int **' differs in levels of indirection from 'ULONG *'
1>e:\duba\hookkifastcall.c(543) : warning C4024: 'sub_37B60' : different types for formal and actual parameter 1
1>e:\duba\hookkifastcall.c(543) : warning C4024: 'sub_37B60' : different types for formal and actual parameter 1
1>e:\duba\hookkifastcall.c(544) : warning C4047: 'function' : 'int **' differs in levels of indirection from 'ULONG *'
1>e:\duba\hookkifastcall.c(544) : warning C4047: 'function' : 'int **' differs in levels of indirection from 'ULONG *'
1>e:\duba\hookkifastcall.c(544) : warning C4024: 'sub_37B60' : different types for formal and actual parameter 1
1>e:\duba\hookkifastcall.c(544) : warning C4024: 'sub_37B60' : different types for formal and actual parameter 1
1>e:\duba\hookkifastcall.c(545) : warning C4133: 'function' : incompatible types - from 'PVOID *' to 'int **'
1>e:\duba\hookkifastcall.c(545) : warning C4133: 'function' : incompatible types - from 'PVOID *' to 'int **'
1>e:\duba\hookkifastcall.c(546) : warning C4047: 'function' : 'int **' differs in levels of indirection from '_ERESOURCE *'
1>e:\duba\hookkifastcall.c(546) : warning C4047: 'function' : 'int **' differs in levels of indirection from '_ERESOURCE *'
1>e:\duba\hookkifastcall.c(546) : warning C4024: 'sub_37B60' : different types for formal and actual parameter 1
1>e:\duba\hookkifastcall.c(546) : warning C4024: 'sub_37B60' : different types for formal and actual parameter 1
1>e:\duba\hookkifastcall.c(547) : warning C4133: 'function' : incompatible types - from 'POWNER_ENTRY *' to 'int **'
1>e:\duba\hookkifastcall.c(547) : warning C4133: 'function' : incompatible types - from 'POWNER_ENTRY *' to 'int **'
1>e:\duba\hookkifastcall.c(555) : warning C4047: '!=' : 'int *' differs in levels of indirection from 'int **'
1>e:\duba\hookkifastcall.c(555) : warning C4047: '!=' : 'int *' differs in levels of indirection from 'int **'
1>e:\duba\hookkifastcall.c(559) : warning C4047: '=' : 'int *' differs in levels of indirection from 'int'
1>e:\duba\hookkifastcall.c(559) : warning C4047: '=' : 'int *' differs in levels of indirection from 'int'
1>e:\duba\hookkifastcall.c(566) : warning C4047: 'function' : 'int **' differs in levels of indirection from 'PUCHAR'
1>e:\duba\hookkifastcall.c(566) : warning C4047: 'function' : 'int **' differs in levels of indirection from 'PUCHAR'
1>e:\duba\hookkifastcall.c(566) : warning C4024: 'sub_38514' : different types for formal and actual parameter 1
1>e:\duba\hookkifastcall.c(566) : warning C4024: 'sub_38514' : different types for formal and actual parameter 1
1>e:\duba\hookkifastcall.c(567) : warning C4047: 'function' : 'int **' differs in levels of indirection from 'PUCHAR'
1>e:\duba\hookkifastcall.c(567) : warning C4047: 'function' : 'int **' differs in levels of indirection from 'PUCHAR'
1>e:\duba\hookkifastcall.c(567) : warning C4024: 'sub_38514' : different types for formal and actual parameter 1
1>e:\duba\hookkifastcall.c(567) : warning C4024: 'sub_38514' : different types for formal and actual parameter 1
1>e:\duba\hookkifastcall.c(568) : warning C4047: 'function' : 'int **' differs in levels of indirection from 'PUCHAR'
1>e:\duba\hookkifastcall.c(568) : warning C4047: 'function' : 'int **' differs in levels of indirection from 'PUCHAR'
1>e:\duba\hookkifastcall.c(568) : warning C4024: 'sub_38514' : different types for formal and actual parameter 1
1>e:\duba\hookkifastcall.c(568) : warning C4024: 'sub_38514' : different types for formal and actual parameter 1
1>e:\duba\hookkifastcall.c(569) : warning C4047: 'function' : 'int **' differs in levels of indirection from 'PUCHAR'
1>e:\duba\hookkifastcall.c(569) : warning C4047: 'function' : 'int **' differs in levels of indirection from 'PUCHAR'
1>e:\duba\hookkifastcall.c(569) : warning C4024: 'sub_38514' : different types for formal and actual parameter 1
1>e:\duba\hookkifastcall.c(569) : warning C4024: 'sub_38514' : different types for formal and actual parameter 1
1>e:\duba\hookkifastcall.c(570) : warning C4047: 'function' : 'int **' differs in levels of indirection from 'PUCHAR'
1>e:\duba\hookkifastcall.c(570) : warning C4047: 'function' : 'int **' differs in levels of indirection from 'PUCHAR'
1>e:\duba\hookkifastcall.c(570) : warning C4024: 'sub_37B60' : different types for formal and actual parameter 1
1>e:\duba\hookkifastcall.c(570) : warning C4024: 'sub_37B60' : different types for formal and actual parameter 1
1>e:\duba\hookkifastcall.c(571) : warning C4047: 'function' : 'int **' differs in levels of indirection from 'PUCHAR'
1>e:\duba\hookkifastcall.c(571) : warning C4047: 'function' : 'int **' differs in levels of indirection from 'PUCHAR'
1>e:\duba\hookkifastcall.c(571) : warning C4024: 'sub_37BB6' : different types for formal and actual parameter 1
1>e:\duba\hookkifastcall.c(571) : warning C4024: 'sub_37BB6' : different types for formal and actual parameter 1
1>e:\duba\hookkifastcall.c(573) : warning C4022: '_ReleaseMemoryWithLength' : pointer mismatch for actual parameter 1
1>e:\duba\hookkifastcall.c(573) : warning C4022: '_ReleaseMemoryWithLength' : pointer mismatch for actual parameter 1
1>e:\duba\hookkifastcall.c(581) : warning C4047: '!=' : 'int *' differs in levels of indirection from 'int **'
1>e:\duba\hookkifastcall.c(581) : warning C4047: '!=' : 'int *' differs in levels of indirection from 'int **'
1>e:\duba\hookkifastcall.c(585) : warning C4047: '=' : 'int *' differs in levels of indirection from 'int'
1>e:\duba\hookkifastcall.c(585) : warning C4047: '=' : 'int *' differs in levels of indirection from 'int'
1>e:\duba\hookkifastcall.c(595) : warning C4047: '!=' : 'int *' differs in levels of indirection from 'int **'
1>e:\duba\hookkifastcall.c(595) : warning C4047: '!=' : 'int *' differs in levels of indirection from 'int **'
1>e:\duba\hookkifastcall.c(599) : warning C4047: '=' : 'int *' differs in levels of indirection from 'int'
1>e:\duba\hookkifastcall.c(599) : warning C4047: '=' : 'int *' differs in levels of indirection from 'int'
1>e:\duba\hookkifastcall.c(607) : warning C4022: '_ReleaseMemoryWithLength' : pointer mismatch for actual parameter 1
1>e:\duba\hookkifastcall.c(607) : warning C4022: '_ReleaseMemoryWithLength' : pointer mismatch for actual parameter 1
1>e:\duba\hookkifastcall.c(609) : warning C4022: '_ReleaseMemoryWithLength' : pointer mismatch for actual parameter 1
1>e:\duba\hookkifastcall.c(609) : warning C4022: '_ReleaseMemoryWithLength' : pointer mismatch for actual parameter 1
1>e:\duba\hookkifastcall.c(668) : warning C4047: '=' : 'ULONG' differs in levels of indirection from 'PULONG_PTR'
1>e:\duba\hookkifastcall.c(668) : warning C4047: '=' : 'ULONG' differs in levels of indirection from 'PULONG_PTR'
1>e:\duba\hookkifastcall.c(669) : warning C4047: '=' : 'ULONG' differs in levels of indirection from 'PULONG'
1>e:\duba\hookkifastcall.c(669) : warning C4047: '=' : 'ULONG' differs in levels of indirection from 'PULONG'
1>e:\duba\hookkifastcall.c(671) : warning C4047: '=' : 'ULONG' differs in levels of indirection from 'PUCHAR'
1>e:\duba\hookkifastcall.c(671) : warning C4047: '=' : 'ULONG' differs in levels of indirection from 'PUCHAR'
1>e:\duba\hookkifastcall.c(760) : warning C4133: 'function' : incompatible types - from 'BYTE *' to 'volatile LONG *'
1>e:\duba\hookkifastcall.c(760) : warning C4133: 'function' : incompatible types - from 'BYTE *' to 'volatile LONG *'
1>e:\duba\hookkifastcall.c(760) : warning C4047: 'function' : 'LONG' differs in levels of indirection from 'int (__stdcall *)(PCUNICODE_STRING)'
1>e:\duba\hookkifastcall.c(760) : warning C4047: 'function' : 'LONG' differs in levels of indirection from 'int (__stdcall *)(PCUNICODE_STRING)'
1>e:\duba\hookkifastcall.c(760) : warning C4024: '_InterlockedExchange' : different types for formal and actual parameter 2
1>e:\duba\hookkifastcall.c(760) : warning C4024: '_InterlockedExchange' : different types for formal and actual parameter 2
1>e:\duba\hookkifastcall.c(760) : warning C4047: '=' : 'int (__stdcall *)(int)' differs in levels of indirection from 'LONG'
1>e:\duba\hookkifastcall.c(760) : warning C4047: '=' : 'int (__stdcall *)(int)' differs in levels of indirection from 'LONG'
1>e:\duba\hookkifastcall.c(774) : warning C4133: 'function' : incompatible types - from 'BYTE *' to 'volatile LONG *'
1>e:\duba\hookkifastcall.c(774) : warning C4133: 'function' : incompatible types - from 'BYTE *' to 'volatile LONG *'
1>e:\duba\hookkifastcall.c(774) : warning C4047: 'function' : 'LONG' differs in levels of indirection from 'int (__stdcall *)(int)'
1>e:\duba\hookkifastcall.c(774) : warning C4047: 'function' : 'LONG' differs in levels of indirection from 'int (__stdcall *)(int)'
1>e:\duba\hookkifastcall.c(774) : warning C4024: '_InterlockedExchange' : different types for formal and actual parameter 2
1>e:\duba\hookkifastcall.c(774) : warning C4024: '_InterlockedExchange' : different types for formal and actual parameter 2
1>e:\duba\hookkifastcall.c(803) : warning C4047: '=' : 'int' differs in levels of indirection from 'PULONG'
1>e:\duba\hookkifastcall.c(803) : warning C4047: '=' : 'int' differs in levels of indirection from 'PULONG'
1>e:\duba\hookkifastcall.c(812) : warning C4047: 'function' : 'int' differs in levels of indirection from 'PCUNICODE_STRING'
1>e:\duba\hookkifastcall.c(812) : warning C4047: 'function' : 'int' differs in levels of indirection from 'PCUNICODE_STRING'
1>e:\duba\hookkifastcall.c(812) : warning C4024: 'dword_4C1AC' : different types for formal and actual parameter 1
1>e:\duba\hookkifastcall.c(812) : warning C4024: 'dword_4C1AC' : different types for formal and actual parameter 1
1>e:\duba\hookkifastcall.c(940) : warning C4047: '=' : 'BYTE *' differs in levels of indirection from 'int'
1>e:\duba\hookkifastcall.c(940) : warning C4047: '=' : 'BYTE *' differs in levels of indirection from 'int'
1>e:\duba\hookkifastcall.c(955) : warning C4047: '=' : 'ULONG' differs in levels of indirection from 'BYTE *'
1>e:\duba\hookkifastcall.c(955) : warning C4047: '=' : 'ULONG' differs in levels of indirection from 'BYTE *'
1>e:\duba\hookkifastcall.c(984) : warning C4047: '=' : 'BYTE *' differs in levels of indirection from 'int'
1>e:\duba\hookkifastcall.c(984) : warning C4047: '=' : 'BYTE *' differs in levels of indirection from 'int'
1>e:\duba\hookkifastcall.c(1023) : warning C4047: '=' : 'int' differs in levels of indirection from 'BYTE *'
1>e:\duba\hookkifastcall.c(1023) : warning C4047: '=' : 'int' differs in levels of indirection from 'BYTE *'
1>e:\duba\hookkifastcall.c(1047) : warning C4047: '=' : 'int (__stdcall *)()' differs in levels of indirection from 'PUCHAR'
1>e:\duba\hookkifastcall.c(1047) : warning C4047: '=' : 'int (__stdcall *)()' differs in levels of indirection from 'PUCHAR'
1>e:\duba\hookkifastcall.c(1051) : warning C4047: '=' : 'int (__stdcall *)(int,int)' differs in levels of indirection from 'int'
1>e:\duba\hookkifastcall.c(1051) : warning C4047: '=' : 'int (__stdcall *)(int,int)' differs in levels of indirection from 'int'
1>e:\duba\hookkifastcall.c(1055) : warning C4020: 'sub_3BCA6' : too many actual parameters
1>e:\duba\hookkifastcall.c(1055) : warning C4020: 'sub_3BCA6' : too many actual parameters
1>e:\duba\hookkifastcall.c(1049) : warning C4102: 'LABEL_5' : unreferenced label
1>e:\duba\hookkifastcall.c(1049) : warning C4102: 'LABEL_5' : unreferenced label
1>e:\duba\hookkifastcall.c(1074) : warning C4242: 'return' : conversion from 'LONGLONG' to 'int', possible loss of data
1>e:\duba\hookkifastcall.c(1074) : warning C4242: 'return' : conversion from 'LONGLONG' to 'int', possible loss of data
1>e:\duba\hookkifastcall.c(1305) : warning C4047: 'function' : 'PCWSTR' differs in levels of indirection from 'WCHAR (*)[260]'
1>e:\duba\hookkifastcall.c(1305) : warning C4047: 'function' : 'PCWSTR' differs in levels of indirection from 'WCHAR (*)[260]'
1>e:\duba\hookkifastcall.c(1305) : warning C4024: '_CreateFileMap' : different types for formal and actual parameter 1
1>e:\duba\hookkifastcall.c(1305) : warning C4024: '_CreateFileMap' : different types for formal and actual parameter 1
1>e:\duba\hookkifastcall.c(1305) : warning C4047: 'function' : 'int' differs in levels of indirection from 'int *'
1>e:\duba\hookkifastcall.c(1305) : warning C4047: 'function' : 'int' differs in levels of indirection from 'int *'
1>e:\duba\hookkifastcall.c(1305) : warning C4024: '_CreateFileMap' : different types for formal and actual parameter 2
1>e:\duba\hookkifastcall.c(1305) : warning C4024: '_CreateFileMap' : different types for formal and actual parameter 2
1>e:\duba\hookkifastcall.c(1305) : warning C4047: 'function' : 'int' differs in levels of indirection from 'int *'
1>e:\duba\hookkifastcall.c(1305) : warning C4047: 'function' : 'int' differs in levels of indirection from 'int *'
1>e:\duba\hookkifastcall.c(1305) : warning C4024: '_CreateFileMap' : different types for formal and actual parameter 3
1>e:\duba\hookkifastcall.c(1305) : warning C4024: '_CreateFileMap' : different types for formal and actual parameter 3
1>e:\duba\hookkifastcall.c(1306) : warning C4018: '<' : signed/unsigned mismatch
1>e:\duba\hookkifastcall.c(1306) : warning C4018: '<' : signed/unsigned mismatch
1>e:\duba\hookkifastcall.c(1325) : warning C4047: '=' : 'char *' differs in levels of indirection from 'unsigned long'
1>e:\duba\hookkifastcall.c(1325) : warning C4047: '=' : 'char *' differs in levels of indirection from 'unsigned long'
1>e:\duba\hookkifastcall.c(1330) : warning C4047: '=' : 'int' differs in levels of indirection from 'char *'
1>e:\duba\hookkifastcall.c(1330) : warning C4047: '=' : 'int' differs in levels of indirection from 'char *'
1>e:\duba\hookkifastcall.c(1330) : warning C4047: 'function' : 'int' differs in levels of indirection from 'char *'
1>e:\duba\hookkifastcall.c(1330) : warning C4047: 'function' : 'int' differs in levels of indirection from 'char *'
1>e:\duba\hookkifastcall.c(1330) : warning C4024: '_KisGetKiFastCallEntryEbxAddress' : different types for formal and actual parameter 1
1>e:\duba\hookkifastcall.c(1330) : warning C4024: '_KisGetKiFastCallEntryEbxAddress' : different types for formal and actual parameter 1
1>e:\duba\hookkifastcall.c(1345) : warning C4047: '<' : 'ULONG' differs in levels of indirection from 'PVOID'
1>e:\duba\hookkifastcall.c(1345) : warning C4047: '<' : 'ULONG' differs in levels of indirection from 'PVOID'
1>e:\duba\hookkifastcall.c(1349) : warning C4242: '=' : conversion from 'ULONG' to 'char', possible loss of data
1>e:\duba\hookkifastcall.c(1349) : warning C4242: '=' : conversion from 'ULONG' to 'char', possible loss of data
1>e:\duba\hookkifastcall.c(1352) : warning C4047: '=' : 'void *' differs in levels of indirection from 'unsigned long'
1>e:\duba\hookkifastcall.c(1352) : warning C4047: '=' : 'void *' differs in levels of indirection from 'unsigned long'
1>e:\duba\hookkifastcall.c(1355) : warning C4047: '=' : 'ULONG' differs in levels of indirection from 'void *'
1>e:\duba\hookkifastcall.c(1355) : warning C4047: '=' : 'ULONG' differs in levels of indirection from 'void *'
1>e:\duba\hookkifastcall.c(1363) : warning C4047: '=' : 'unsigned int' differs in levels of indirection from 'char *'
1>e:\duba\hookkifastcall.c(1363) : warning C4047: '=' : 'unsigned int' differs in levels of indirection from 'char *'
1>e:\duba\hookkifastcall.c(1371) : warning C4022: 'MmIsAddressValid' : pointer mismatch for actual parameter 1
1>e:\duba\hookkifastcall.c(1371) : warning C4022: 'MmIsAddressValid' : pointer mismatch for actual parameter 1
1>e:\duba\hookkifastcall.c(1378) : warning C4242: '=' : conversion from 'ULONG' to 'char', possible loss of data
1>e:\duba\hookkifastcall.c(1378) : warning C4242: '=' : conversion from 'ULONG' to 'char', possible loss of data
1>e:\duba\hookkifastcall.c(1439) : warning C4018: '>' : signed/unsigned mismatch
1>e:\duba\hookkifastcall.c(1439) : warning C4018: '>' : signed/unsigned mismatch
1>e:\duba\hookkifastcall.c(1444) : warning C4047: '=' : 'int (__fastcall *)(ULONG,ULONG)' differs in levels of indirection from 'BYTE *'
1>e:\duba\hookkifastcall.c(1444) : warning C4047: '=' : 'int (__fastcall *)(ULONG,ULONG)' differs in levels of indirection from 'BYTE *'
1>e:\duba\hookkifastcall.c(1451) : warning C4133: 'function' : incompatible types - from 'BYTE *' to 'volatile LONG *'
1>e:\duba\hookkifastcall.c(1451) : warning C4133: 'function' : incompatible types - from 'BYTE *' to 'volatile LONG *'
1>e:\duba\hookkifastcall.c(107) : warning C4716: 'sub_1742B' : must return a value
1>e:\duba\hookkifastcall.c(107) : warning C4716: 'sub_1742B' : must return a value
1>e:\duba\hookkifastcall.c(1097) : warning C4716: 'sub_3BAAB' : must return a value
1>e:\duba\hookkifastcall.c(1097) : warning C4716: 'sub_3BAAB' : must return a value
1> D:\Study\WinDDK\Bin\x86\oacr\oacrlink /out:e:\duba\objchk_wxp_x86\i386\Duba.sys /machine:ix86 @e:\duba\objchk_wxp_x86\i386\lnk.rsp
1>Microsoft (R) Incremental Linker Version 9.00.30729.207
1>Copyright (C) Microsoft Corporation.  All rights reserved.
1>/MERGE:_PAGE=PAGE 
1>/MERGE:_TEXT=.text 
1>/SECTION:INIT,d 
1>/OPT:REF 
1>/OPT:ICF 
1>/IGNORE:4198,4010,4037,4039,4065,4070,4078,4087,4089,4221 
1>/INCREMENTAL:NO 
1>/release 
1>/NODEFAULTLIB 
1>/WX 
1>/debug 
1>/debugtype:cv,fixup,pdata 
1>/version:6.1 
1>/osversion:6.1 
1>/functionpadmin:5 
1>/safeseh 
1>/pdbcompress 
1>/STACK:0x40000,0x1000 
1>/driver 
1>/base:0x10000 
1>/align:0x80 /stub:d:\study\winddk\lib\wxp\stub512.com 
1>/subsystem:native,5.01 
1>/entry:GsDriverEntry@8 
1>/out:e:\duba\objchk_wxp_x86\i386\Duba.sys 
1>e:\duba\objchk_wxp_x86\i386\duba.obj 
1>e:\duba\objchk_wxp_x86\i386\getversion.obj 
1>e:\duba\objchk_wxp_x86\i386\getmodules.obj 
1>e:\duba\objchk_wxp_x86\i386\other.obj 
1>e:\duba\objchk_wxp_x86\i386\hook.obj 
1>e:\duba\objchk_wxp_x86\i386\hookkifastcall.obj 
1>d:\study\winddk\lib\wxp\i386\BufferOverflowK.lib 
1>d:\study\winddk\lib\wxp\i386\ntoskrnl.lib 
1>d:\study\winddk\lib\wxp\i386\hal.lib 
1>d:\study\winddk\lib\wxp\i386\wmilib.lib 
1>d:\study\winddk\lib\wxp\i386\sehupd.lib 
